<?xml version="1.0" encoding="UTF-8"?>
<testsuite xmlns:xsi="http://www.w3.org/2001/XMLSchema-instance" xsi:noNamespaceSchemaLocation="https://maven.apache.org/surefire/maven-surefire-plugin/xsd/surefire-test-report.xsd" name="SecondNanoTest" time="0.004" tests="1" errors="0" skipped="0" failures="0">
  <properties>
    <property name="gopherProxySet" value="false"/>
    <property name="awt.toolkit" value="sun.lwawt.macosx.LWCToolkit"/>
    <property name="file.encoding.pkg" value="sun.io"/>
    <property name="java.specification.version" value="1.8"/>
    <property name="sun.cpu.isalist" value=""/>
    <property name="sun.jnu.encoding" value="UTF-8"/>
    <property name="java.class.path" value="/Users/svenruppert/Desktop/workspace/Java-Workshops/JUnit5-Testengines/02-nanoengine/target/test-classes:/Users/svenruppert/Desktop/workspace/Java-Workshops/JUnit5-Testengines/02-nanoengine/target/classes:/Users/svenruppert/.m2/repository/org/rapidpm/rapidpm-logger-adapter/01.00.03-RPM/rapidpm-logger-adapter-01.00.03-RPM.jar:/Users/svenruppert/.m2/repository/org/rapidpm/rapidpm-functional-reactive/01.00.03-RPM/rapidpm-functional-reactive-01.00.03-RPM.jar:/Users/svenruppert/.m2/repository/com/github/javafaker/javafaker/1.0.2/javafaker-1.0.2.jar:/Users/svenruppert/.m2/repository/org/apache/commons/commons-lang3/3.5/commons-lang3-3.5.jar:/Users/svenruppert/.m2/repository/org/yaml/snakeyaml/1.23/snakeyaml-1.23-android.jar:/Users/svenruppert/.m2/repository/com/github/mifmif/generex/1.0.2/generex-1.0.2.jar:/Users/svenruppert/.m2/repository/dk/brics/automaton/automaton/1.11-8/automaton-1.11-8.jar:/Users/svenruppert/.m2/repository/com/google/code/findbugs/jsr305/3.0.2/jsr305-3.0.2.jar:/Users/svenruppert/.m2/repository/org/slf4j/slf4j-api/1.7.32/slf4j-api-1.7.32.jar:/Users/svenruppert/.m2/repository/org/slf4j/slf4j-simple/1.7.32/slf4j-simple-1.7.32.jar:/Users/svenruppert/.m2/repository/org/junit/jupiter/junit-jupiter-engine/5.6.0/junit-jupiter-engine-5.6.0.jar:/Users/svenruppert/.m2/repository/org/apiguardian/apiguardian-api/1.1.0/apiguardian-api-1.1.0.jar:/Users/svenruppert/.m2/repository/org/junit/platform/junit-platform-engine/1.6.0/junit-platform-engine-1.6.0.jar:/Users/svenruppert/.m2/repository/org/opentest4j/opentest4j/1.2.0/opentest4j-1.2.0.jar:/Users/svenruppert/.m2/repository/org/junit/platform/junit-platform-commons/1.6.0/junit-platform-commons-1.6.0.jar:/Users/svenruppert/.m2/repository/org/junit/platform/junit-platform-launcher/1.6.0/junit-platform-launcher-1.6.0.jar:/Users/svenruppert/.m2/repository/org/junit/jupiter/junit-jupiter-api/5.6.0/junit-jupiter-api-5.6.0.jar:/Users/svenruppert/.m2/repository/org/junit/jupiter/junit-jupiter-params/5.6.0/junit-jupiter-params-5.6.0.jar:/Users/svenruppert/.m2/repository/org/jetbrains/kotlin/kotlin-stdlib-jdk8/1.5.31/kotlin-stdlib-jdk8-1.5.31.jar:/Users/svenruppert/.m2/repository/org/jetbrains/kotlin/kotlin-stdlib/1.5.31/kotlin-stdlib-1.5.31.jar:/Users/svenruppert/.m2/repository/org/jetbrains/annotations/13.0/annotations-13.0.jar:/Users/svenruppert/.m2/repository/org/jetbrains/kotlin/kotlin-stdlib-common/1.5.31/kotlin-stdlib-common-1.5.31.jar:/Users/svenruppert/.m2/repository/org/jetbrains/kotlin/kotlin-stdlib-jdk7/1.5.31/kotlin-stdlib-jdk7-1.5.31.jar:/Users/svenruppert/.m2/repository/org/jetbrains/kotlin/kotlin-reflect/1.5.31/kotlin-reflect-1.5.31.jar:/Users/svenruppert/.m2/repository/org/jetbrains/kotlin/kotlin-test-junit/1.5.31/kotlin-test-junit-1.5.31.jar:/Users/svenruppert/.m2/repository/junit/junit/4.12/junit-4.12.jar:/Users/svenruppert/.m2/repository/org/hamcrest/hamcrest-core/1.3/hamcrest-core-1.3.jar:/Users/svenruppert/.m2/repository/org/jetbrains/kotlin/kotlin-test-junit5/1.5.31/kotlin-test-junit5-1.5.31.jar:/Users/svenruppert/.m2/repository/org/jetbrains/kotlin/kotlin-test/1.5.31/kotlin-test-1.5.31.jar:"/>
    <property name="java.vm.vendor" value="AdoptOpenJDK"/>
    <property name="sun.arch.data.model" value="64"/>
    <property name="java.vendor.url" value="http://java.oracle.com/"/>
    <property name="user.timezone" value=""/>
    <property name="java.vm.specification.version" value="1.8"/>
    <property name="os.name" value="Mac OS X"/>
    <property name="user.country" value="DE"/>
    <property name="sun.java.launcher" value="SUN_STANDARD"/>
    <property name="sun.boot.library.path" value="/Users/svenruppert/.jabba/jdk/adopt@1.8.0-232/Contents/Home/jre/lib"/>
    <property name="sun.java.command" value="/Users/svenruppert/Desktop/workspace/Java-Workshops/JUnit5-Testengines/02-nanoengine/target/surefire/surefirebooter1971652425244272225.jar /Users/svenruppert/Desktop/workspace/Java-Workshops/JUnit5-Testengines/02-nanoengine/target/surefire 2021-11-29T16-52-13_622-jvmRun1 surefire7007522194962979726tmp surefire_28364681115683338798tmp"/>
    <property name="http.nonProxyHosts" value="local|*.local|169.254/16|*.169.254/16"/>
    <property name="surefire.test.class.path" value="/Users/svenruppert/Desktop/workspace/Java-Workshops/JUnit5-Testengines/02-nanoengine/target/test-classes:/Users/svenruppert/Desktop/workspace/Java-Workshops/JUnit5-Testengines/02-nanoengine/target/classes:/Users/svenruppert/.m2/repository/org/rapidpm/rapidpm-logger-adapter/01.00.03-RPM/rapidpm-logger-adapter-01.00.03-RPM.jar:/Users/svenruppert/.m2/repository/org/rapidpm/rapidpm-functional-reactive/01.00.03-RPM/rapidpm-functional-reactive-01.00.03-RPM.jar:/Users/svenruppert/.m2/repository/com/github/javafaker/javafaker/1.0.2/javafaker-1.0.2.jar:/Users/svenruppert/.m2/repository/org/apache/commons/commons-lang3/3.5/commons-lang3-3.5.jar:/Users/svenruppert/.m2/repository/org/yaml/snakeyaml/1.23/snakeyaml-1.23-android.jar:/Users/svenruppert/.m2/repository/com/github/mifmif/generex/1.0.2/generex-1.0.2.jar:/Users/svenruppert/.m2/repository/dk/brics/automaton/automaton/1.11-8/automaton-1.11-8.jar:/Users/svenruppert/.m2/repository/com/google/code/findbugs/jsr305/3.0.2/jsr305-3.0.2.jar:/Users/svenruppert/.m2/repository/org/slf4j/slf4j-api/1.7.32/slf4j-api-1.7.32.jar:/Users/svenruppert/.m2/repository/org/slf4j/slf4j-simple/1.7.32/slf4j-simple-1.7.32.jar:/Users/svenruppert/.m2/repository/org/junit/jupiter/junit-jupiter-engine/5.6.0/junit-jupiter-engine-5.6.0.jar:/Users/svenruppert/.m2/repository/org/apiguardian/apiguardian-api/1.1.0/apiguardian-api-1.1.0.jar:/Users/svenruppert/.m2/repository/org/junit/platform/junit-platform-engine/1.6.0/junit-platform-engine-1.6.0.jar:/Users/svenruppert/.m2/repository/org/opentest4j/opentest4j/1.2.0/opentest4j-1.2.0.jar:/Users/svenruppert/.m2/repository/org/junit/platform/junit-platform-commons/1.6.0/junit-platform-commons-1.6.0.jar:/Users/svenruppert/.m2/repository/org/junit/platform/junit-platform-launcher/1.6.0/junit-platform-launcher-1.6.0.jar:/Users/svenruppert/.m2/repository/org/junit/jupiter/junit-jupiter-api/5.6.0/junit-jupiter-api-5.6.0.jar:/Users/svenruppert/.m2/repository/org/junit/jupiter/junit-jupiter-params/5.6.0/junit-jupiter-params-5.6.0.jar:/Users/svenruppert/.m2/repository/org/jetbrains/kotlin/kotlin-stdlib-jdk8/1.5.31/kotlin-stdlib-jdk8-1.5.31.jar:/Users/svenruppert/.m2/repository/org/jetbrains/kotlin/kotlin-stdlib/1.5.31/kotlin-stdlib-1.5.31.jar:/Users/svenruppert/.m2/repository/org/jetbrains/annotations/13.0/annotations-13.0.jar:/Users/svenruppert/.m2/repository/org/jetbrains/kotlin/kotlin-stdlib-common/1.5.31/kotlin-stdlib-common-1.5.31.jar:/Users/svenruppert/.m2/repository/org/jetbrains/kotlin/kotlin-stdlib-jdk7/1.5.31/kotlin-stdlib-jdk7-1.5.31.jar:/Users/svenruppert/.m2/repository/org/jetbrains/kotlin/kotlin-reflect/1.5.31/kotlin-reflect-1.5.31.jar:/Users/svenruppert/.m2/repository/org/jetbrains/kotlin/kotlin-test-junit/1.5.31/kotlin-test-junit-1.5.31.jar:/Users/svenruppert/.m2/repository/junit/junit/4.12/junit-4.12.jar:/Users/svenruppert/.m2/repository/org/hamcrest/hamcrest-core/1.3/hamcrest-core-1.3.jar:/Users/svenruppert/.m2/repository/org/jetbrains/kotlin/kotlin-test-junit5/1.5.31/kotlin-test-junit5-1.5.31.jar:/Users/svenruppert/.m2/repository/org/jetbrains/kotlin/kotlin-test/1.5.31/kotlin-test-1.5.31.jar:"/>
    <property name="sun.cpu.endian" value="little"/>
    <property name="user.home" value="/Users/svenruppert"/>
    <property name="user.language" value="de"/>
    <property name="java.specification.vendor" value="Oracle Corporation"/>
    <property name="java.home" value="/Users/svenruppert/.jabba/jdk/adopt@1.8.0-232/Contents/Home/jre"/>
    <property name="basedir" value="/Users/svenruppert/Desktop/workspace/Java-Workshops/JUnit5-Testengines/02-nanoengine"/>
    <property name="file.separator" value="/"/>
    <property name="line.separator" value="&#10;"/>
    <property name="java.vm.specification.vendor" value="Oracle Corporation"/>
    <property name="java.specification.name" value="Java Platform API Specification"/>
    <property name="java.awt.graphicsenv" value="sun.awt.CGraphicsEnvironment"/>
    <property name="surefire.real.class.path" value="/Users/svenruppert/Desktop/workspace/Java-Workshops/JUnit5-Testengines/02-nanoengine/target/surefire/surefirebooter1971652425244272225.jar"/>
    <property name="sun.boot.class.path" value="/Users/svenruppert/.jabba/jdk/adopt@1.8.0-232/Contents/Home/jre/lib/resources.jar:/Users/svenruppert/.jabba/jdk/adopt@1.8.0-232/Contents/Home/jre/lib/rt.jar:/Users/svenruppert/.jabba/jdk/adopt@1.8.0-232/Contents/Home/jre/lib/sunrsasign.jar:/Users/svenruppert/.jabba/jdk/adopt@1.8.0-232/Contents/Home/jre/lib/jsse.jar:/Users/svenruppert/.jabba/jdk/adopt@1.8.0-232/Contents/Home/jre/lib/jce.jar:/Users/svenruppert/.jabba/jdk/adopt@1.8.0-232/Contents/Home/jre/lib/charsets.jar:/Users/svenruppert/.jabba/jdk/adopt@1.8.0-232/Contents/Home/jre/lib/jfr.jar:/Users/svenruppert/.jabba/jdk/adopt@1.8.0-232/Contents/Home/jre/classes"/>
    <property name="sun.management.compiler" value="HotSpot 64-Bit Tiered Compilers"/>
    <property name="ftp.nonProxyHosts" value="local|*.local|169.254/16|*.169.254/16"/>
    <property name="java.runtime.version" value="1.8.0_232-b09"/>
    <property name="user.name" value="svenruppert"/>
    <property name="path.separator" value=":"/>
    <property name="os.version" value="10.16"/>
    <property name="java.endorsed.dirs" value="/Users/svenruppert/.jabba/jdk/adopt@1.8.0-232/Contents/Home/jre/lib/endorsed"/>
    <property name="java.runtime.name" value="OpenJDK Runtime Environment"/>
    <property name="file.encoding" value="UTF-8"/>
    <property name="java.vm.name" value="OpenJDK 64-Bit Server VM"/>
    <property name="localRepository" value="/Users/svenruppert/.m2/repository"/>
    <property name="java.vendor.url.bug" value="http://bugreport.sun.com/bugreport/"/>
    <property name="java.io.tmpdir" value="/var/folders/nz/35jdjlvx0kq92b25p3m4wdpm0000gn/T/"/>
    <property name="idea.version" value="2021.2.3"/>
    <property name="java.version" value="1.8.0_232"/>
    <property name="user.dir" value="/Users/svenruppert/Desktop/workspace/Java-Workshops/JUnit5-Testengines/02-nanoengine"/>
    <property name="os.arch" value="x86_64"/>
    <property name="java.vm.specification.name" value="Java Virtual Machine Specification"/>
    <property name="java.awt.printerjob" value="sun.lwawt.macosx.CPrinterJob"/>
    <property name="sun.os.patch.level" value="unknown"/>
    <property name="java.library.path" value="/Users/svenruppert/Library/Java/Extensions:/Library/Java/Extensions:/Network/Library/Java/Extensions:/System/Library/Java/Extensions:/usr/lib/java:."/>
    <property name="java.vm.info" value="mixed mode"/>
    <property name="java.vendor" value="AdoptOpenJDK"/>
    <property name="java.vm.version" value="25.232-b09"/>
    <property name="java.ext.dirs" value="/Users/svenruppert/Library/Java/Extensions:/Users/svenruppert/.jabba/jdk/adopt@1.8.0-232/Contents/Home/jre/lib/ext:/Library/Java/Extensions:/Network/Library/Java/Extensions:/System/Library/Java/Extensions:/usr/lib/java"/>
    <property name="sun.io.unicode.encoding" value="UnicodeBig"/>
    <property name="java.class.version" value="52.0"/>
    <property name="socksNonProxyHosts" value="local|*.local|169.254/16|*.169.254/16"/>
  </properties>
  <testcase name="test002" classname="junit.org.rapidpm.junit.engine.nano.SecondNanoTest" time="0.003"/>
</testsuite>